<?xml version="1.0" encoding="UTF-8"?>
<!-- Generated by org.testng.reporters.JUnitReportReporter -->
<testsuite hostname="DESKTOP-PFBG9OR" failures="0" tests="2" name="restAssuredAPITest.RestAssuredAPITest" time="2.923" errors="0" timestamp="2021-04-25T12:26:45 PDT" skipped="0">
  <testcase classname="restAssuredAPITest.RestAssuredAPITest" name="getRequest" time="0.648"/>
  <system-out/>
  <testcase classname="restAssuredAPITest.RestAssuredAPITest" name="deleteRequest" time="2.275"/>
  <system-out/>
</testsuite> <!-- restAssuredAPITest.RestAssuredAPITest -->
